<?xml version="1.0" encoding="UTF-8"?>
<!-- Generated by org.testng.reporters.JUnitReportReporter -->
<testsuite skipped="0" hostname="Ibrahims-MacBook-Air.local" name="test.Main" tests="1" failures="0" timestamp="09 Nov 2017 17:42:26 GMT" time="8.471" errors="0">
  <testcase name="loginWithValidCredentials" time="8.471" classname="test.Main"/>
</testsuite> <!-- test.Main -->
