<?xml version="1.0" encoding="UTF-8"?>
<testsuite xmlns:xsi="http://www.w3.org/2001/XMLSchema-instance" xsi:noNamespaceSchemaLocation="https://maven.apache.org/surefire/maven-surefire-plugin/xsd/surefire-test-report.xsd" name="TestSuite" time="83.148" tests="3" errors="0" skipped="2" failures="1">
  <properties>
    <property name="gopherProxySet" value="false"/>
    <property name="awt.toolkit" value="sun.lwawt.macosx.LWCToolkit"/>
    <property name="java.specification.version" value="9"/>
    <property name="file.encoding.pkg" value="sun.io"/>
    <property name="sun.cpu.isalist" value=""/>
    <property name="sun.jnu.encoding" value="UTF-8"/>
    <property name="java.class.path" value="/Users/ibrahimkhan/IdeaProjects/SideProject/ECommerce/target/test-classes:/Users/ibrahimkhan/IdeaProjects/SideProject/ECommerce/target/classes:/Users/ibrahimkhan/IdeaProjects/SideProject/Generic/target/classes:/Users/ibrahimkhan/.m2/repository/net/lightbody/bmp/browsermob-core/2.1.5/browsermob-core-2.1.5.jar:/Users/ibrahimkhan/.m2/repository/net/lightbody/bmp/littleproxy/1.1.0-beta-bmp-17/littleproxy-1.1.0-beta-bmp-17.jar:/Users/ibrahimkhan/.m2/repository/com/fasterxml/jackson/core/jackson-core/2.8.9/jackson-core-2.8.9.jar:/Users/ibrahimkhan/.m2/repository/com/fasterxml/jackson/core/jackson-databind/2.8.9/jackson-databind-2.8.9.jar:/Users/ibrahimkhan/.m2/repository/com/fasterxml/jackson/core/jackson-annotations/2.8.9/jackson-annotations-2.8.9.jar:/Users/ibrahimkhan/.m2/repository/dnsjava/dnsjava/2.1.8/dnsjava-2.1.8.jar:/Users/ibrahimkhan/.m2/repository/org/slf4j/slf4j-api/1.7.25/slf4j-api-1.7.25.jar:/Users/ibrahimkhan/.m2/repository/org/slf4j/jcl-over-slf4j/1.7.25/jcl-over-slf4j-1.7.25.jar:/Users/ibrahimkhan/.m2/repository/com/jcraft/jzlib/1.1.3/jzlib-1.1.3.jar:/Users/ibrahimkhan/.m2/repository/io/netty/netty-all/4.0.51.Final/netty-all-4.0.51.Final.jar:/Users/ibrahimkhan/.m2/repository/org/bouncycastle/bcprov-jdk15on/1.58/bcprov-jdk15on-1.58.jar:/Users/ibrahimkhan/.m2/repository/org/bouncycastle/bcpkix-jdk15on/1.58/bcpkix-jdk15on-1.58.jar:/Users/ibrahimkhan/.m2/repository/net/lightbody/bmp/mitm/2.1.5/mitm-2.1.5.jar:/Users/ibrahimkhan/.m2/repository/org/testng/testng/6.11/testng-6.11.jar:/Users/ibrahimkhan/.m2/repository/com/beust/jcommander/1.64/jcommander-1.64.jar:/Users/ibrahimkhan/.m2/repository/org/yaml/snakeyaml/1.17/snakeyaml-1.17.jar:/Users/ibrahimkhan/.m2/repository/org/seleniumhq/selenium/selenium-java/3.5.3/selenium-java-3.5.3.jar:/Users/ibrahimkhan/.m2/repository/org/seleniumhq/selenium/selenium-api/3.5.3/selenium-api-3.5.3.jar:/Users/ibrahimkhan/.m2/repository/org/seleniumhq/selenium/selenium-chrome-driver/3.5.3/selenium-chrome-driver-3.5.3.jar:/Users/ibrahimkhan/.m2/repository/org/seleniumhq/selenium/selenium-edge-driver/3.5.3/selenium-edge-driver-3.5.3.jar:/Users/ibrahimkhan/.m2/repository/org/seleniumhq/selenium/selenium-firefox-driver/3.5.3/selenium-firefox-driver-3.5.3.jar:/Users/ibrahimkhan/.m2/repository/org/seleniumhq/selenium/selenium-ie-driver/3.5.3/selenium-ie-driver-3.5.3.jar:/Users/ibrahimkhan/.m2/repository/org/seleniumhq/selenium/selenium-opera-driver/3.5.3/selenium-opera-driver-3.5.3.jar:/Users/ibrahimkhan/.m2/repository/org/seleniumhq/selenium/selenium-remote-driver/3.5.3/selenium-remote-driver-3.5.3.jar:/Users/ibrahimkhan/.m2/repository/org/seleniumhq/selenium/selenium-safari-driver/3.5.3/selenium-safari-driver-3.5.3.jar:/Users/ibrahimkhan/.m2/repository/org/seleniumhq/selenium/selenium-support/3.5.3/selenium-support-3.5.3.jar:/Users/ibrahimkhan/.m2/repository/cglib/cglib-nodep/3.2.4/cglib-nodep-3.2.4.jar:/Users/ibrahimkhan/.m2/repository/org/apache/commons/commons-exec/1.3/commons-exec-1.3.jar:/Users/ibrahimkhan/.m2/repository/org/apache/commons/commons-lang3/3.5/commons-lang3-3.5.jar:/Users/ibrahimkhan/.m2/repository/commons-codec/commons-codec/1.10/commons-codec-1.10.jar:/Users/ibrahimkhan/.m2/repository/commons-io/commons-io/2.5/commons-io-2.5.jar:/Users/ibrahimkhan/.m2/repository/commons-logging/commons-logging/1.2/commons-logging-1.2.jar:/Users/ibrahimkhan/.m2/repository/org/w3c/css/sac/1.3/sac-1.3.jar:/Users/ibrahimkhan/.m2/repository/net/sourceforge/cssparser/cssparser/0.9.23/cssparser-0.9.23.jar:/Users/ibrahimkhan/.m2/repository/org/hamcrest/hamcrest-core/1.3/hamcrest-core-1.3.jar:/Users/ibrahimkhan/.m2/repository/net/sourceforge/htmlunit/htmlunit/2.27/htmlunit-2.27.jar:/Users/ibrahimkhan/.m2/repository/net/sourceforge/htmlunit/htmlunit-core-js/2.27/htmlunit-core-js-2.27.jar:/Users/ibrahimkhan/.m2/repository/net/sourceforge/htmlunit/neko-htmlunit/2.27/neko-htmlunit-2.27.jar:/Users/ibrahimkhan/.m2/repository/org/apache/httpcomponents/httpclient/4.5.3/httpclient-4.5.3.jar:/Users/ibrahimkhan/.m2/repository/org/apache/httpcomponents/httpcore/4.4.6/httpcore-4.4.6.jar:/Users/ibrahimkhan/.m2/repository/org/apache/httpcomponents/httpmime/4.5.3/httpmime-4.5.3.jar:/Users/ibrahimkhan/.m2/repository/org/eclipse/jetty/jetty-client/9.4.5.v20170502/jetty-client-9.4.5.v20170502.jar:/Users/ibrahimkhan/.m2/repository/org/eclipse/jetty/jetty-http/9.4.5.v20170502/jetty-http-9.4.5.v20170502.jar:/Users/ibrahimkhan/.m2/repository/org/eclipse/jetty/jetty-io/9.4.5.v20170502/jetty-io-9.4.5.v20170502.jar:/Users/ibrahimkhan/.m2/repository/org/eclipse/jetty/jetty-util/9.4.5.v20170502/jetty-util-9.4.5.v20170502.jar:/Users/ibrahimkhan/.m2/repository/net/java/dev/jna/jna/4.1.0/jna-4.1.0.jar:/Users/ibrahimkhan/.m2/repository/net/java/dev/jna/jna-platform/4.1.0/jna-platform-4.1.0.jar:/Users/ibrahimkhan/.m2/repository/junit/junit/4.12/junit-4.12.jar:/Users/ibrahimkhan/.m2/repository/com/codeborne/phantomjsdriver/1.4.0/phantomjsdriver-1.4.0.jar:/Users/ibrahimkhan/.m2/repository/org/seleniumhq/selenium/htmlunit-driver/2.27/htmlunit-driver-2.27.jar:/Users/ibrahimkhan/.m2/repository/javax/servlet/javax.servlet-api/3.1.0/javax.servlet-api-3.1.0.jar:/Users/ibrahimkhan/.m2/repository/org/eclipse/jetty/websocket/websocket-api/9.4.5.v20170502/websocket-api-9.4.5.v20170502.jar:/Users/ibrahimkhan/.m2/repository/org/eclipse/jetty/websocket/websocket-client/9.4.5.v20170502/websocket-client-9.4.5.v20170502.jar:/Users/ibrahimkhan/.m2/repository/org/eclipse/jetty/websocket/websocket-common/9.4.5.v20170502/websocket-common-9.4.5.v20170502.jar:/Users/ibrahimkhan/.m2/repository/xalan/serializer/2.7.2/serializer-2.7.2.jar:/Users/ibrahimkhan/.m2/repository/xalan/xalan/2.7.2/xalan-2.7.2.jar:/Users/ibrahimkhan/.m2/repository/xerces/xercesImpl/2.11.0/xercesImpl-2.11.0.jar:/Users/ibrahimkhan/.m2/repository/xml-apis/xml-apis/1.4.01/xml-apis-1.4.01.jar:/Users/ibrahimkhan/.m2/repository/org/apache/poi/poi/3.17/poi-3.17.jar:/Users/ibrahimkhan/.m2/repository/org/apache/commons/commons-collections4/4.1/commons-collections4-4.1.jar:/Users/ibrahimkhan/.m2/repository/org/apache/poi/poi-ooxml/3.17/poi-ooxml-3.17.jar:/Users/ibrahimkhan/.m2/repository/org/apache/poi/poi-ooxml-schemas/3.17/poi-ooxml-schemas-3.17.jar:/Users/ibrahimkhan/.m2/repository/org/apache/xmlbeans/xmlbeans/2.6.0/xmlbeans-2.6.0.jar:/Users/ibrahimkhan/.m2/repository/stax/stax-api/1.0.1/stax-api-1.0.1.jar:/Users/ibrahimkhan/.m2/repository/com/github/virtuald/curvesapi/1.04/curvesapi-1.04.jar:/Users/ibrahimkhan/.m2/repository/net/sourceforge/jexcelapi/jxl/2.6.12/jxl-2.6.12.jar:/Users/ibrahimkhan/.m2/repository/log4j/log4j/1.2.14/log4j-1.2.14.jar:/Users/ibrahimkhan/.m2/repository/com/aventstack/extentreports/3.0.6/extentreports-3.0.6.jar:/Users/ibrahimkhan/.m2/repository/org/freemarker/freemarker/2.3.23/freemarker-2.3.23.jar:/Users/ibrahimkhan/.m2/repository/org/mongodb/mongodb-driver/3.3.0/mongodb-driver-3.3.0.jar:/Users/ibrahimkhan/.m2/repository/org/mongodb/bson/3.3.0/bson-3.3.0.jar:/Users/ibrahimkhan/.m2/repository/org/mongodb/mongodb-driver-core/3.3.0/mongodb-driver-core-3.3.0.jar:/Users/ibrahimkhan/.m2/repository/org/jsoup/jsoup/1.9.2/jsoup-1.9.2.jar:/Users/ibrahimkhan/.m2/repository/com/google/guava/guava/23.0/guava-23.0.jar:/Users/ibrahimkhan/.m2/repository/com/google/code/findbugs/jsr305/1.3.9/jsr305-1.3.9.jar:/Users/ibrahimkhan/.m2/repository/com/google/errorprone/error_prone_annotations/2.0.18/error_prone_annotations-2.0.18.jar:/Users/ibrahimkhan/.m2/repository/com/google/j2objc/j2objc-annotations/1.1/j2objc-annotations-1.1.jar:/Users/ibrahimkhan/.m2/repository/org/codehaus/mojo/animal-sniffer-annotations/1.14/animal-sniffer-annotations-1.14.jar:/Users/ibrahimkhan/.m2/repository/com/applitools/eyes-selenium-java3/3.26/eyes-selenium-java3-3.26.jar:/Users/ibrahimkhan/.m2/repository/com/applitools/eyes-common-java3/3.26/eyes-common-java3-3.26.jar:/Users/ibrahimkhan/.m2/repository/org/imgscalr/imgscalr-lib/4.2/imgscalr-lib-4.2.jar:/Users/ibrahimkhan/.m2/repository/com/applitools/eyes-sdk-core-java3/3.26/eyes-sdk-core-java3-3.26.jar:/Users/ibrahimkhan/.m2/repository/com/applitools/eyes-connectivity-java3-jersey2x/3.26/eyes-connectivity-java3-jersey2x-3.26.jar:/Users/ibrahimkhan/.m2/repository/org/glassfish/jersey/connectors/jersey-apache-connector/2.16/jersey-apache-connector-2.16.jar:/Users/ibrahimkhan/.m2/repository/org/glassfish/jersey/core/jersey-common/2.16/jersey-common-2.16.jar:/Users/ibrahimkhan/.m2/repository/javax/annotation/javax.annotation-api/1.2/javax.annotation-api-1.2.jar:/Users/ibrahimkhan/.m2/repository/org/glassfish/jersey/bundles/repackaged/jersey-guava/2.16/jersey-guava-2.16.jar:/Users/ibrahimkhan/.m2/repository/org/glassfish/hk2/osgi-resource-locator/1.0.1/osgi-resource-locator-1.0.1.jar:/Users/ibrahimkhan/.m2/repository/javax/ws/rs/javax.ws.rs-api/2.0.1/javax.ws.rs-api-2.0.1.jar:/Users/ibrahimkhan/.m2/repository/org/glassfish/jersey/core/jersey-client/2.16/jersey-client-2.16.jar:/Users/ibrahimkhan/.m2/repository/org/glassfish/hk2/hk2-api/2.4.0-b09/hk2-api-2.4.0-b09.jar:/Users/ibrahimkhan/.m2/repository/org/glassfish/hk2/hk2-utils/2.4.0-b09/hk2-utils-2.4.0-b09.jar:/Users/ibrahimkhan/.m2/repository/org/glassfish/hk2/external/aopalliance-repackaged/2.4.0-b09/aopalliance-repackaged-2.4.0-b09.jar:/Users/ibrahimkhan/.m2/repository/org/glassfish/hk2/external/javax.inject/2.4.0-b09/javax.inject-2.4.0-b09.jar:/Users/ibrahimkhan/.m2/repository/org/glassfish/hk2/hk2-locator/2.4.0-b09/hk2-locator-2.4.0-b09.jar:/Users/ibrahimkhan/.m2/repository/org/javassist/javassist/3.18.1-GA/javassist-3.18.1-GA.jar:/Users/ibrahimkhan/.m2/repository/io/appium/java-client/5.0.4/java-client-5.0.4.jar:/Users/ibrahimkhan/.m2/repository/cglib/cglib/3.2.5/cglib-3.2.5.jar:/Users/ibrahimkhan/.m2/repository/org/ow2/asm/asm/6.0_ALPHA/asm-6.0_ALPHA.jar:/Users/ibrahimkhan/.m2/repository/org/apache/ant/ant/1.9.6/ant-1.9.6.jar:/Users/ibrahimkhan/.m2/repository/org/apache/ant/ant-launcher/1.9.6/ant-launcher-1.9.6.jar:/Users/ibrahimkhan/.m2/repository/commons-validator/commons-validator/1.6/commons-validator-1.6.jar:/Users/ibrahimkhan/.m2/repository/commons-beanutils/commons-beanutils/1.9.2/commons-beanutils-1.9.2.jar:/Users/ibrahimkhan/.m2/repository/commons-digester/commons-digester/1.8.1/commons-digester-1.8.1.jar:/Users/ibrahimkhan/.m2/repository/commons-collections/commons-collections/3.2.2/commons-collections-3.2.2.jar:/Users/ibrahimkhan/.m2/repository/org/springframework/spring-context/5.0.0.RELEASE/spring-context-5.0.0.RELEASE.jar:/Users/ibrahimkhan/.m2/repository/org/springframework/spring-aop/5.0.0.RELEASE/spring-aop-5.0.0.RELEASE.jar:/Users/ibrahimkhan/.m2/repository/org/springframework/spring-beans/5.0.0.RELEASE/spring-beans-5.0.0.RELEASE.jar:/Users/ibrahimkhan/.m2/repository/org/springframework/spring-core/5.0.0.RELEASE/spring-core-5.0.0.RELEASE.jar:/Users/ibrahimkhan/.m2/repository/org/springframework/spring-jcl/5.0.0.RELEASE/spring-jcl-5.0.0.RELEASE.jar:/Users/ibrahimkhan/.m2/repository/org/springframework/spring-expression/5.0.0.RELEASE/spring-expression-5.0.0.RELEASE.jar:/Users/ibrahimkhan/.m2/repository/org/aspectj/aspectjweaver/1.8.11/aspectjweaver-1.8.11.jar:/Users/ibrahimkhan/.m2/repository/org/openpnp/opencv/3.2.0-1/opencv-3.2.0-1.jar:/Users/ibrahimkhan/.m2/repository/com/saucelabs/saucerest/1.0.35/saucerest-1.0.35.jar:/Users/ibrahimkhan/.m2/repository/com/googlecode/json-simple/json-simple/1.1.1/json-simple-1.1.1.jar:/Users/ibrahimkhan/.m2/repository/org/json/json/20090211/json-20090211.jar:/Users/ibrahimkhan/.m2/repository/com/google/code/gson/gson/2.8.2/gson-2.8.2.jar:/Users/ibrahimkhan/.m2/repository/org/apache/maven/surefire/surefire-testng-utils/2.20.1/surefire-testng-utils-2.20.1.jar:/Users/ibrahimkhan/.m2/repository/org/apache/maven/surefire/surefire-grouper/2.20.1/surefire-grouper-2.20.1.jar:"/>
    <property name="java.vm.vendor" value="Oracle Corporation"/>
    <property name="sun.arch.data.model" value="64"/>
    <property name="java.vendor.url" value="http://java.oracle.com/"/>
    <property name="user.timezone" value=""/>
    <property name="java.vm.specification.version" value="9"/>
    <property name="os.name" value="Mac OS X"/>
    <property name="sun.java.launcher" value="SUN_STANDARD"/>
    <property name="user.country" value="US"/>
    <property name="sun.boot.library.path" value="/Library/Java/JavaVirtualMachines/jdk-9.0.1.jdk/Contents/Home/lib"/>
    <property name="sun.java.command" value="/Users/ibrahimkhan/IdeaProjects/SideProject/ECommerce/target/surefire/surefirebooter15964678437180612192.jar /Users/ibrahimkhan/IdeaProjects/SideProject/ECommerce/target/surefire 2017-11-18T18-36-55_421-jvmRun1 surefire14487215132794902307tmp surefire_017220119461641685673tmp"/>
    <property name="http.nonProxyHosts" value="local|*.local|169.254/16|*.169.254/16"/>
    <property name="jdk.debug" value="release"/>
    <property name="surefire.test.class.path" value="/Users/ibrahimkhan/IdeaProjects/SideProject/ECommerce/target/test-classes:/Users/ibrahimkhan/IdeaProjects/SideProject/ECommerce/target/classes:/Users/ibrahimkhan/IdeaProjects/SideProject/Generic/target/classes:/Users/ibrahimkhan/.m2/repository/net/lightbody/bmp/browsermob-core/2.1.5/browsermob-core-2.1.5.jar:/Users/ibrahimkhan/.m2/repository/net/lightbody/bmp/littleproxy/1.1.0-beta-bmp-17/littleproxy-1.1.0-beta-bmp-17.jar:/Users/ibrahimkhan/.m2/repository/com/fasterxml/jackson/core/jackson-core/2.8.9/jackson-core-2.8.9.jar:/Users/ibrahimkhan/.m2/repository/com/fasterxml/jackson/core/jackson-databind/2.8.9/jackson-databind-2.8.9.jar:/Users/ibrahimkhan/.m2/repository/com/fasterxml/jackson/core/jackson-annotations/2.8.9/jackson-annotations-2.8.9.jar:/Users/ibrahimkhan/.m2/repository/dnsjava/dnsjava/2.1.8/dnsjava-2.1.8.jar:/Users/ibrahimkhan/.m2/repository/org/slf4j/slf4j-api/1.7.25/slf4j-api-1.7.25.jar:/Users/ibrahimkhan/.m2/repository/org/slf4j/jcl-over-slf4j/1.7.25/jcl-over-slf4j-1.7.25.jar:/Users/ibrahimkhan/.m2/repository/com/jcraft/jzlib/1.1.3/jzlib-1.1.3.jar:/Users/ibrahimkhan/.m2/repository/io/netty/netty-all/4.0.51.Final/netty-all-4.0.51.Final.jar:/Users/ibrahimkhan/.m2/repository/org/bouncycastle/bcprov-jdk15on/1.58/bcprov-jdk15on-1.58.jar:/Users/ibrahimkhan/.m2/repository/org/bouncycastle/bcpkix-jdk15on/1.58/bcpkix-jdk15on-1.58.jar:/Users/ibrahimkhan/.m2/repository/net/lightbody/bmp/mitm/2.1.5/mitm-2.1.5.jar:/Users/ibrahimkhan/.m2/repository/org/testng/testng/6.11/testng-6.11.jar:/Users/ibrahimkhan/.m2/repository/com/beust/jcommander/1.64/jcommander-1.64.jar:/Users/ibrahimkhan/.m2/repository/org/yaml/snakeyaml/1.17/snakeyaml-1.17.jar:/Users/ibrahimkhan/.m2/repository/org/seleniumhq/selenium/selenium-java/3.5.3/selenium-java-3.5.3.jar:/Users/ibrahimkhan/.m2/repository/org/seleniumhq/selenium/selenium-api/3.5.3/selenium-api-3.5.3.jar:/Users/ibrahimkhan/.m2/repository/org/seleniumhq/selenium/selenium-chrome-driver/3.5.3/selenium-chrome-driver-3.5.3.jar:/Users/ibrahimkhan/.m2/repository/org/seleniumhq/selenium/selenium-edge-driver/3.5.3/selenium-edge-driver-3.5.3.jar:/Users/ibrahimkhan/.m2/repository/org/seleniumhq/selenium/selenium-firefox-driver/3.5.3/selenium-firefox-driver-3.5.3.jar:/Users/ibrahimkhan/.m2/repository/org/seleniumhq/selenium/selenium-ie-driver/3.5.3/selenium-ie-driver-3.5.3.jar:/Users/ibrahimkhan/.m2/repository/org/seleniumhq/selenium/selenium-opera-driver/3.5.3/selenium-opera-driver-3.5.3.jar:/Users/ibrahimkhan/.m2/repository/org/seleniumhq/selenium/selenium-remote-driver/3.5.3/selenium-remote-driver-3.5.3.jar:/Users/ibrahimkhan/.m2/repository/org/seleniumhq/selenium/selenium-safari-driver/3.5.3/selenium-safari-driver-3.5.3.jar:/Users/ibrahimkhan/.m2/repository/org/seleniumhq/selenium/selenium-support/3.5.3/selenium-support-3.5.3.jar:/Users/ibrahimkhan/.m2/repository/cglib/cglib-nodep/3.2.4/cglib-nodep-3.2.4.jar:/Users/ibrahimkhan/.m2/repository/org/apache/commons/commons-exec/1.3/commons-exec-1.3.jar:/Users/ibrahimkhan/.m2/repository/org/apache/commons/commons-lang3/3.5/commons-lang3-3.5.jar:/Users/ibrahimkhan/.m2/repository/commons-codec/commons-codec/1.10/commons-codec-1.10.jar:/Users/ibrahimkhan/.m2/repository/commons-io/commons-io/2.5/commons-io-2.5.jar:/Users/ibrahimkhan/.m2/repository/commons-logging/commons-logging/1.2/commons-logging-1.2.jar:/Users/ibrahimkhan/.m2/repository/org/w3c/css/sac/1.3/sac-1.3.jar:/Users/ibrahimkhan/.m2/repository/net/sourceforge/cssparser/cssparser/0.9.23/cssparser-0.9.23.jar:/Users/ibrahimkhan/.m2/repository/org/hamcrest/hamcrest-core/1.3/hamcrest-core-1.3.jar:/Users/ibrahimkhan/.m2/repository/net/sourceforge/htmlunit/htmlunit/2.27/htmlunit-2.27.jar:/Users/ibrahimkhan/.m2/repository/net/sourceforge/htmlunit/htmlunit-core-js/2.27/htmlunit-core-js-2.27.jar:/Users/ibrahimkhan/.m2/repository/net/sourceforge/htmlunit/neko-htmlunit/2.27/neko-htmlunit-2.27.jar:/Users/ibrahimkhan/.m2/repository/org/apache/httpcomponents/httpclient/4.5.3/httpclient-4.5.3.jar:/Users/ibrahimkhan/.m2/repository/org/apache/httpcomponents/httpcore/4.4.6/httpcore-4.4.6.jar:/Users/ibrahimkhan/.m2/repository/org/apache/httpcomponents/httpmime/4.5.3/httpmime-4.5.3.jar:/Users/ibrahimkhan/.m2/repository/org/eclipse/jetty/jetty-client/9.4.5.v20170502/jetty-client-9.4.5.v20170502.jar:/Users/ibrahimkhan/.m2/repository/org/eclipse/jetty/jetty-http/9.4.5.v20170502/jetty-http-9.4.5.v20170502.jar:/Users/ibrahimkhan/.m2/repository/org/eclipse/jetty/jetty-io/9.4.5.v20170502/jetty-io-9.4.5.v20170502.jar:/Users/ibrahimkhan/.m2/repository/org/eclipse/jetty/jetty-util/9.4.5.v20170502/jetty-util-9.4.5.v20170502.jar:/Users/ibrahimkhan/.m2/repository/net/java/dev/jna/jna/4.1.0/jna-4.1.0.jar:/Users/ibrahimkhan/.m2/repository/net/java/dev/jna/jna-platform/4.1.0/jna-platform-4.1.0.jar:/Users/ibrahimkhan/.m2/repository/junit/junit/4.12/junit-4.12.jar:/Users/ibrahimkhan/.m2/repository/com/codeborne/phantomjsdriver/1.4.0/phantomjsdriver-1.4.0.jar:/Users/ibrahimkhan/.m2/repository/org/seleniumhq/selenium/htmlunit-driver/2.27/htmlunit-driver-2.27.jar:/Users/ibrahimkhan/.m2/repository/javax/servlet/javax.servlet-api/3.1.0/javax.servlet-api-3.1.0.jar:/Users/ibrahimkhan/.m2/repository/org/eclipse/jetty/websocket/websocket-api/9.4.5.v20170502/websocket-api-9.4.5.v20170502.jar:/Users/ibrahimkhan/.m2/repository/org/eclipse/jetty/websocket/websocket-client/9.4.5.v20170502/websocket-client-9.4.5.v20170502.jar:/Users/ibrahimkhan/.m2/repository/org/eclipse/jetty/websocket/websocket-common/9.4.5.v20170502/websocket-common-9.4.5.v20170502.jar:/Users/ibrahimkhan/.m2/repository/xalan/serializer/2.7.2/serializer-2.7.2.jar:/Users/ibrahimkhan/.m2/repository/xalan/xalan/2.7.2/xalan-2.7.2.jar:/Users/ibrahimkhan/.m2/repository/xerces/xercesImpl/2.11.0/xercesImpl-2.11.0.jar:/Users/ibrahimkhan/.m2/repository/xml-apis/xml-apis/1.4.01/xml-apis-1.4.01.jar:/Users/ibrahimkhan/.m2/repository/org/apache/poi/poi/3.17/poi-3.17.jar:/Users/ibrahimkhan/.m2/repository/org/apache/commons/commons-collections4/4.1/commons-collections4-4.1.jar:/Users/ibrahimkhan/.m2/repository/org/apache/poi/poi-ooxml/3.17/poi-ooxml-3.17.jar:/Users/ibrahimkhan/.m2/repository/org/apache/poi/poi-ooxml-schemas/3.17/poi-ooxml-schemas-3.17.jar:/Users/ibrahimkhan/.m2/repository/org/apache/xmlbeans/xmlbeans/2.6.0/xmlbeans-2.6.0.jar:/Users/ibrahimkhan/.m2/repository/stax/stax-api/1.0.1/stax-api-1.0.1.jar:/Users/ibrahimkhan/.m2/repository/com/github/virtuald/curvesapi/1.04/curvesapi-1.04.jar:/Users/ibrahimkhan/.m2/repository/net/sourceforge/jexcelapi/jxl/2.6.12/jxl-2.6.12.jar:/Users/ibrahimkhan/.m2/repository/log4j/log4j/1.2.14/log4j-1.2.14.jar:/Users/ibrahimkhan/.m2/repository/com/aventstack/extentreports/3.0.6/extentreports-3.0.6.jar:/Users/ibrahimkhan/.m2/repository/org/freemarker/freemarker/2.3.23/freemarker-2.3.23.jar:/Users/ibrahimkhan/.m2/repository/org/mongodb/mongodb-driver/3.3.0/mongodb-driver-3.3.0.jar:/Users/ibrahimkhan/.m2/repository/org/mongodb/bson/3.3.0/bson-3.3.0.jar:/Users/ibrahimkhan/.m2/repository/org/mongodb/mongodb-driver-core/3.3.0/mongodb-driver-core-3.3.0.jar:/Users/ibrahimkhan/.m2/repository/org/jsoup/jsoup/1.9.2/jsoup-1.9.2.jar:/Users/ibrahimkhan/.m2/repository/com/google/guava/guava/23.0/guava-23.0.jar:/Users/ibrahimkhan/.m2/repository/com/google/code/findbugs/jsr305/1.3.9/jsr305-1.3.9.jar:/Users/ibrahimkhan/.m2/repository/com/google/errorprone/error_prone_annotations/2.0.18/error_prone_annotations-2.0.18.jar:/Users/ibrahimkhan/.m2/repository/com/google/j2objc/j2objc-annotations/1.1/j2objc-annotations-1.1.jar:/Users/ibrahimkhan/.m2/repository/org/codehaus/mojo/animal-sniffer-annotations/1.14/animal-sniffer-annotations-1.14.jar:/Users/ibrahimkhan/.m2/repository/com/applitools/eyes-selenium-java3/3.26/eyes-selenium-java3-3.26.jar:/Users/ibrahimkhan/.m2/repository/com/applitools/eyes-common-java3/3.26/eyes-common-java3-3.26.jar:/Users/ibrahimkhan/.m2/repository/org/imgscalr/imgscalr-lib/4.2/imgscalr-lib-4.2.jar:/Users/ibrahimkhan/.m2/repository/com/applitools/eyes-sdk-core-java3/3.26/eyes-sdk-core-java3-3.26.jar:/Users/ibrahimkhan/.m2/repository/com/applitools/eyes-connectivity-java3-jersey2x/3.26/eyes-connectivity-java3-jersey2x-3.26.jar:/Users/ibrahimkhan/.m2/repository/org/glassfish/jersey/connectors/jersey-apache-connector/2.16/jersey-apache-connector-2.16.jar:/Users/ibrahimkhan/.m2/repository/org/glassfish/jersey/core/jersey-common/2.16/jersey-common-2.16.jar:/Users/ibrahimkhan/.m2/repository/javax/annotation/javax.annotation-api/1.2/javax.annotation-api-1.2.jar:/Users/ibrahimkhan/.m2/repository/org/glassfish/jersey/bundles/repackaged/jersey-guava/2.16/jersey-guava-2.16.jar:/Users/ibrahimkhan/.m2/repository/org/glassfish/hk2/osgi-resource-locator/1.0.1/osgi-resource-locator-1.0.1.jar:/Users/ibrahimkhan/.m2/repository/javax/ws/rs/javax.ws.rs-api/2.0.1/javax.ws.rs-api-2.0.1.jar:/Users/ibrahimkhan/.m2/repository/org/glassfish/jersey/core/jersey-client/2.16/jersey-client-2.16.jar:/Users/ibrahimkhan/.m2/repository/org/glassfish/hk2/hk2-api/2.4.0-b09/hk2-api-2.4.0-b09.jar:/Users/ibrahimkhan/.m2/repository/org/glassfish/hk2/hk2-utils/2.4.0-b09/hk2-utils-2.4.0-b09.jar:/Users/ibrahimkhan/.m2/repository/org/glassfish/hk2/external/aopalliance-repackaged/2.4.0-b09/aopalliance-repackaged-2.4.0-b09.jar:/Users/ibrahimkhan/.m2/repository/org/glassfish/hk2/external/javax.inject/2.4.0-b09/javax.inject-2.4.0-b09.jar:/Users/ibrahimkhan/.m2/repository/org/glassfish/hk2/hk2-locator/2.4.0-b09/hk2-locator-2.4.0-b09.jar:/Users/ibrahimkhan/.m2/repository/org/javassist/javassist/3.18.1-GA/javassist-3.18.1-GA.jar:/Users/ibrahimkhan/.m2/repository/io/appium/java-client/5.0.4/java-client-5.0.4.jar:/Users/ibrahimkhan/.m2/repository/cglib/cglib/3.2.5/cglib-3.2.5.jar:/Users/ibrahimkhan/.m2/repository/org/ow2/asm/asm/6.0_ALPHA/asm-6.0_ALPHA.jar:/Users/ibrahimkhan/.m2/repository/org/apache/ant/ant/1.9.6/ant-1.9.6.jar:/Users/ibrahimkhan/.m2/repository/org/apache/ant/ant-launcher/1.9.6/ant-launcher-1.9.6.jar:/Users/ibrahimkhan/.m2/repository/commons-validator/commons-validator/1.6/commons-validator-1.6.jar:/Users/ibrahimkhan/.m2/repository/commons-beanutils/commons-beanutils/1.9.2/commons-beanutils-1.9.2.jar:/Users/ibrahimkhan/.m2/repository/commons-digester/commons-digester/1.8.1/commons-digester-1.8.1.jar:/Users/ibrahimkhan/.m2/repository/commons-collections/commons-collections/3.2.2/commons-collections-3.2.2.jar:/Users/ibrahimkhan/.m2/repository/org/springframework/spring-context/5.0.0.RELEASE/spring-context-5.0.0.RELEASE.jar:/Users/ibrahimkhan/.m2/repository/org/springframework/spring-aop/5.0.0.RELEASE/spring-aop-5.0.0.RELEASE.jar:/Users/ibrahimkhan/.m2/repository/org/springframework/spring-beans/5.0.0.RELEASE/spring-beans-5.0.0.RELEASE.jar:/Users/ibrahimkhan/.m2/repository/org/springframework/spring-core/5.0.0.RELEASE/spring-core-5.0.0.RELEASE.jar:/Users/ibrahimkhan/.m2/repository/org/springframework/spring-jcl/5.0.0.RELEASE/spring-jcl-5.0.0.RELEASE.jar:/Users/ibrahimkhan/.m2/repository/org/springframework/spring-expression/5.0.0.RELEASE/spring-expression-5.0.0.RELEASE.jar:/Users/ibrahimkhan/.m2/repository/org/aspectj/aspectjweaver/1.8.11/aspectjweaver-1.8.11.jar:/Users/ibrahimkhan/.m2/repository/org/openpnp/opencv/3.2.0-1/opencv-3.2.0-1.jar:/Users/ibrahimkhan/.m2/repository/com/saucelabs/saucerest/1.0.35/saucerest-1.0.35.jar:/Users/ibrahimkhan/.m2/repository/com/googlecode/json-simple/json-simple/1.1.1/json-simple-1.1.1.jar:/Users/ibrahimkhan/.m2/repository/org/json/json/20090211/json-20090211.jar:/Users/ibrahimkhan/.m2/repository/com/google/code/gson/gson/2.8.2/gson-2.8.2.jar:/Users/ibrahimkhan/.m2/repository/org/apache/maven/surefire/surefire-testng-utils/2.20.1/surefire-testng-utils-2.20.1.jar:/Users/ibrahimkhan/.m2/repository/org/apache/maven/surefire/surefire-grouper/2.20.1/surefire-grouper-2.20.1.jar:"/>
    <property name="sun.cpu.endian" value="little"/>
    <property name="user.home" value="/Users/ibrahimkhan"/>
    <property name="user.language" value="en"/>
    <property name="java.specification.vendor" value="Oracle Corporation"/>
    <property name="java.home" value="/Library/Java/JavaVirtualMachines/jdk-9.0.1.jdk/Contents/Home"/>
    <property name="file.separator" value="/"/>
    <property name="basedir" value="/Users/ibrahimkhan/IdeaProjects/SideProject/ECommerce"/>
    <property name="java.vm.compressedOopsMode" value="Zero based"/>
    <property name="line.separator" value="&#10;"/>
    <property name="java.specification.name" value="Java Platform API Specification"/>
    <property name="java.vm.specification.vendor" value="Oracle Corporation"/>
    <property name="java.awt.graphicsenv" value="sun.awt.CGraphicsEnvironment"/>
    <property name="surefire.real.class.path" value="/Users/ibrahimkhan/IdeaProjects/SideProject/ECommerce/target/surefire/surefirebooter15964678437180612192.jar"/>
    <property name="sun.management.compiler" value="HotSpot 64-Bit Tiered Compilers"/>
    <property name="ftp.nonProxyHosts" value="local|*.local|169.254/16|*.169.254/16"/>
    <property name="java.runtime.version" value="9.0.1+11"/>
    <property name="user.name" value="ibrahimkhan"/>
    <property name="path.separator" value=":"/>
    <property name="os.version" value="10.12.6"/>
    <property name="java.runtime.name" value="Java(TM) SE Runtime Environment"/>
    <property name="file.encoding" value="UTF-8"/>
    <property name="java.vm.name" value="Java HotSpot(TM) 64-Bit Server VM"/>
    <property name="localRepository" value="/Users/ibrahimkhan/.m2/repository"/>
    <property name="java.vendor.url.bug" value="http://bugreport.java.com/bugreport/"/>
    <property name="java.io.tmpdir" value="/var/folders/gg/rfwdh2352vb6rspct9vgsd3h0000gn/T/"/>
    <property name="java.version" value="9.0.1"/>
    <property name="user.dir" value="/Users/ibrahimkhan/IdeaProjects/SideProject/ECommerce"/>
    <property name="os.arch" value="x86_64"/>
    <property name="java.vm.specification.name" value="Java Virtual Machine Specification"/>
    <property name="java.awt.printerjob" value="sun.lwawt.macosx.CPrinterJob"/>
    <property name="sun.os.patch.level" value="unknown"/>
    <property name="java.library.path" value="/Users/ibrahimkhan/Library/Java/Extensions:/Library/Java/Extensions:/Network/Library/Java/Extensions:/System/Library/Java/Extensions:/usr/lib/java:."/>
    <property name="java.vm.info" value="mixed mode"/>
    <property name="java.vendor" value="Oracle Corporation"/>
    <property name="java.vm.version" value="9.0.1+11"/>
    <property name="sun.io.unicode.encoding" value="UnicodeBig"/>
    <property name="java.class.version" value="53.0"/>
    <property name="socksNonProxyHosts" value="local|*.local|169.254/16|*.169.254/16"/>
  </properties>
  <testcase name="setUp" classname="test.Main" time="77.988">
    <failure message="Could not start a new session. Possible causes are invalid address of the remote server or browser start-up failure.&#10;Build info: version: &apos;3.5.3&apos;, revision: &apos;a88d25fe6b&apos;, time: &apos;2017-08-29T12:42:44.417Z&apos;&#10;System info: host: &apos;Ibrahims-MacBook-Air.local&apos;, ip: &apos;2604:2000:a088:d600:e41c:60b9:b356:803f%en0&apos;, os.name: &apos;Mac OS X&apos;, os.arch: &apos;x86_64&apos;, os.version: &apos;10.12.6&apos;, java.version: &apos;9.0.1&apos;&#10;Driver info: driver.version: RemoteWebDriver" type="org.openqa.selenium.remote.UnreachableBrowserException">org.openqa.selenium.remote.UnreachableBrowserException: 
Could not start a new session. Possible causes are invalid address of the remote server or browser start-up failure.
Build info: version: '3.5.3', revision: 'a88d25fe6b', time: '2017-08-29T12:42:44.417Z'
System info: host: 'Ibrahims-MacBook-Air.local', ip: '2604:2000:a088:d600:e41c:60b9:b356:803f%en0', os.name: 'Mac OS X', os.arch: 'x86_64', os.version: '10.12.6', java.version: '9.0.1'
Driver info: driver.version: RemoteWebDriver
Caused by: org.apache.http.conn.HttpHostConnectException: Connect to 172.17.0.3:5555 [/172.17.0.3] failed: Operation timed out (Connection timed out)
Caused by: java.net.ConnectException: Operation timed out (Connection timed out)
</failure>
    <system-err><![CDATA[SLF4J: Failed to load class "org.slf4j.impl.StaticLoggerBinder".
SLF4J: Defaulting to no-operation (NOP) logger implementation
SLF4J: See http://www.slf4j.org/codes.html#StaticLoggerBinder for further details.
]]></system-err>
  </testcase>
  <testcase name="loginAndChangePasswordThenLogOut" classname="test.Main" time="0">
    <skipped message="Could not start a new session. Possible causes are invalid address of the remote server or browser start-up failure.&#10;Build info: version: &apos;3.5.3&apos;, revision: &apos;a88d25fe6b&apos;, time: &apos;2017-08-29T12:42:44.417Z&apos;&#10;System info: host: &apos;Ibrahims-MacBook-Air.local&apos;, ip: &apos;2604:2000:a088:d600:e41c:60b9:b356:803f%en0&apos;, os.name: &apos;Mac OS X&apos;, os.arch: &apos;x86_64&apos;, os.version: &apos;10.12.6&apos;, java.version: &apos;9.0.1&apos;&#10;Driver info: driver.version: RemoteWebDriver"/>
  </testcase>
  <testcase name="EndExtentReporting" classname="test.Main" time="0">
    <skipped/>
  </testcase>
</testsuite>